2022-04-17 00:18:29,432 [Worker-2: Loading available Gradle versions] INFO  o.e.b.c.i.u.g.PublishedGradleVersions - Gradle version information cache is up-to-date. Trying to read.
2022-04-17 00:20:46,530 [Worker-3: Import Getting Started Content] INFO  o.e.m.c.i.l.LifecycleMappingFactory - Using org.eclipse.m2e.jdt.JarLifecycleMapping lifecycle mapping for MavenProject: nttdata.bootcamp.microservicios.activo.empresarial:microservicio-activo-empresarial:0.0.1-SNAPSHOT @ C:\Users\jhermoss\Desktop\semana2\microservicio-activo-empresarial\microservicio-activo-empresarial\pom.xml.
2022-04-17 00:20:47,826 [Worker-3: Import Getting Started Content] INFO  o.e.m.j.i.AbstractJavaProjectConfigurator - Adding source folder /microservicio-activo-empresarial/src/main/java
2022-04-17 00:20:47,829 [Worker-3: Import Getting Started Content] INFO  o.e.m.j.i.AbstractJavaProjectConfigurator - Adding resource folder /microservicio-activo-empresarial/src/main/resources
2022-04-17 00:20:47,836 [Worker-3: Import Getting Started Content] INFO  o.e.m.j.i.AbstractJavaProjectConfigurator - Adding resource folder /microservicio-activo-empresarial/src/main/resources
2022-04-17 00:20:47,845 [Worker-3: Import Getting Started Content] INFO  o.e.m.j.i.AbstractJavaProjectConfigurator - Adding source folder /microservicio-activo-empresarial/src/test/java
2022-04-17 00:20:50,175 [Worker-3: Import Getting Started Content] INFO  o.e.m.c.i.p.ProjectConfigurationManager - Imported and configured 1 project(s) in 4 sec
2022-04-17 00:20:50,180 [Worker-3: Import Getting Started Content] INFO  o.e.m.c.i.p.ProjectConfigurationManager - Update started
2022-04-17 00:20:50,497 [Worker-3: Import Getting Started Content] INFO  o.e.m.c.i.l.LifecycleMappingFactory - Using org.eclipse.m2e.jdt.JarLifecycleMapping lifecycle mapping for MavenProject: nttdata.bootcamp.microservicios.activo.empresarial:microservicio-activo-empresarial:0.0.1-SNAPSHOT @ C:\Users\jhermoss\Desktop\semana2\microservicio-activo-empresarial\microservicio-activo-empresarial\pom.xml.
2022-04-17 00:20:51,311 [Worker-3: Import Getting Started Content] INFO  o.e.m.j.i.AbstractJavaProjectConfigurator - Adding source folder /microservicio-activo-empresarial/src/main/java
2022-04-17 00:20:51,312 [Worker-3: Import Getting Started Content] INFO  o.e.m.j.i.AbstractJavaProjectConfigurator - Adding resource folder /microservicio-activo-empresarial/src/main/resources
2022-04-17 00:20:51,312 [Worker-3: Import Getting Started Content] INFO  o.e.m.j.i.AbstractJavaProjectConfigurator - Adding resource folder /microservicio-activo-empresarial/src/main/resources
2022-04-17 00:20:51,313 [Worker-3: Import Getting Started Content] INFO  o.e.m.j.i.AbstractJavaProjectConfigurator - Adding source folder /microservicio-activo-empresarial/src/test/java
2022-04-17 00:20:51,784 [Worker-3: Import Getting Started Content] INFO  o.e.m.c.i.p.ProjectConfigurationManager - Update completed: 1 sec
2022-04-17 00:20:53,153 [Worker-8: Building] INFO  o.e.m.c.i.embedder.EclipseLogger - Using 'UTF-8' encoding to copy filtered resources.
2022-04-17 00:20:53,153 [Worker-8: Building] INFO  o.e.m.c.i.embedder.EclipseLogger - Using 'UTF-8' encoding to copy filtered properties files.
2022-04-17 00:20:53,156 [Worker-8: Building] INFO  o.e.m.c.i.embedder.EclipseLogger - Copying 1 resource
2022-04-17 00:20:53,170 [Worker-8: Building] INFO  o.e.m.c.i.embedder.EclipseLogger - Copying 0 resource
2022-04-17 00:20:53,173 [Worker-8: Building] INFO  o.e.m.c.i.embedder.EclipseLogger - Using 'UTF-8' encoding to copy filtered resources.
2022-04-17 00:20:53,173 [Worker-8: Building] INFO  o.e.m.c.i.embedder.EclipseLogger - Using 'UTF-8' encoding to copy filtered properties files.
2022-04-17 00:20:53,173 [Worker-8: Building] INFO  o.e.m.c.i.embedder.EclipseLogger - skip non existing resourceDirectory C:\Users\jhermoss\Desktop\semana2\microservicio-activo-empresarial\microservicio-activo-empresarial\src\test\resources
